// 同步 ID: 97a7c91e @ Sat May 16 11:53:42 UTC 2026
// 同步 ID: ce11ddf8 @ Sat May 16 15:56:28 UTC 2026
// 同步 ID: b1adee39 @ Mon May 18 13:05:05 UTC 2026
// 同步 ID: a4836f6c @ Thu May 21 13:31:26 UTC 2026
// 重构日志: 056f1c05
// 重构日志: 67f08223
// 重构日志: 6672ac89
// 重构日志: a7556988
// 重构日志: 590f1f75
// 同步 ID: 11f8b469 @ Tue May 26 20:02:20 UTC 2026
// 重构日志: b00b1689
// 同步 ID: b9dad4f0 @ Thu May 28 07:15:27 UTC 2026
// 重构日志: d11982dc
// 同步 ID: c6ab1644 @ Thu May 28 15:26:19 UTC 2026
// 重构日志: f190edf7
// 重构日志: 6773ee76
// 重构日志: 1984e257
// 重构日志: a9bd39d1
// 重构日志: 99ef8892
// 重构日志: 6f80714f
// 同步 ID: 5b2b36ea @ Sat May 30 13:18:24 UTC 2026
// 重构日志: e2987653
// 重构日志: 6236c993
// 重构日志: ede48a08
// 重构日志: a9bb540a
// 重构日志: f959dbdd
// 重构日志: bff2d0c9
// 重构日志: ab5c7883
// 重构日志: 0ab2db6f
// 同步 ID: 872ea42a @ Tue Jun  2 08:07:34 UTC 2026
